<?xml version="1.0" encoding="UTF-8"?>
<!-- Generated by org.testng.reporters.JUnitReportReporter -->
<testsuite hostname="DESKTOP-3TOCK1B" failures="0" tests="1" name="com.qa.tests.GetAPITest" time="0.989" errors="0" timestamp="2023-05-05T15:03:35 PDT" skipped="0">
  <testcase classname="com.qa.tests.GetAPITest" name="getapitest" time="0.989"/>
  <system-out/>
</testsuite> <!-- com.qa.tests.GetAPITest -->
