<?xml version="1.0" encoding="UTF-8"?>
<!-- Generated by org.testng.reporters.JUnitReportReporter -->
<testsuite hostname="DESKTOP-3TOCK1B" failures="0" tests="2" name="test2" time="0.001" errors="0" timestamp="2023-06-01T09:48:13 PDT" skipped="0">
  <testcase classname="test2" name="Smoketest1" time="0.001"/>
  <system-out/>
  <testcase classname="test2" name="Smoketest2" time="0.000"/>
  <system-out/>
</testsuite> <!-- test2 -->
