<?xml version="1.0" encoding="UTF-8"?>
<!-- Generated by org.testng.reporters.JUnitReportReporter -->
<testsuite hostname="DESKTOP-3TOCK1B" failures="0" tests="3" name="test3" time="0.003" errors="0" timestamp="2023-06-01T09:48:13 PDT" skipped="0">
  <testcase classname="test3" name="Demo7" time="0.001"/>
  <system-out/>
  <testcase classname="test3" name="Demo6" time="0.001"/>
  <system-out/>
  <testcase classname="test3" name="Demo5" time="0.001"/>
  <system-out/>
</testsuite> <!-- test3 -->
