<?xml version="1.0" encoding="UTF-8"?>
<!-- Generated by org.testng.reporters.JUnitReportReporter -->
<testsuite hostname="DESKTOP-3TOCK1B" failures="0" tests="4" name="test" time="0.009" errors="0" timestamp="2023-06-01T09:48:13 PDT" skipped="0">
  <testcase classname="test" name="Demo2" time="0.005"/>
  <system-out/>
  <testcase classname="test" name="Aemo" time="0.001"/>
  <system-out/>
  <testcase classname="test" name="Demo1" time="0.002"/>
  <system-out/>
  <testcase classname="test" name="Smoketest2" time="0.001"/>
  <system-out/>
</testsuite> <!-- test -->
