<?xml version="1.0" encoding="UTF-8"?>
<!-- Generated by org.testng.reporters.JUnitReportReporter -->
<testsuite hostname="DESKTOP-3TOCK1B" failures="0" tests="3" name="Streams" time="0.010" errors="0" timestamp="2023-05-31T23:18:22 PDT" skipped="1">
  <testcase classname="Streams" name="example" time="0.007"/>
  <system-out/>
  <testcase classname="Streams" name="streamcollectore" time="0.003"/>
  <system-out/>
  <testcase classname="Streams" name="stream">
    <skipped/>
  </testcase> <!-- stream -->
  <system-out/>
</testsuite> <!-- Streams -->
