<?xml version="1.0" encoding="UTF-8"?>
<!-- Generated by org.testng.reporters.JUnitReportReporter -->
<testsuite hostname="DESKTOP-3TOCK1B" failures="0" tests="1" name="Sumvalidation" time="1.812" errors="0" timestamp="2023-05-20T18:17:20 PDT" skipped="0">
  <testcase classname="Sumvalidation" name="validateprice" time="1.812"/>
  <system-out/>
</testsuite> <!-- Sumvalidation -->
