<?xml version="1.0" encoding="UTF-8"?>
<!-- Generated by org.testng.reporters.JUnitReportReporter -->
<testsuite hostname="DESKTOP-3TOCK1B" failures="0" tests="1" name="files.DynamicJson" time="3.419" errors="0" timestamp="2023-05-21T16:56:38 PDT" skipped="0">
  <testcase classname="files.DynamicJson" name="addBook" time="3.419"/>
  <system-out/>
</testsuite> <!-- files.DynamicJson -->
