<?xml version="1.0" encoding="UTF-8"?>
<!-- Generated by org.testng.reporters.JUnitReportReporter -->
<testsuite hostname="DESKTOP-3TOCK1B" failures="0" tests="3" name="files.DynamicJson4" time="6.354" errors="0" timestamp="2023-05-21T23:36:27 PDT" skipped="0">
  <testcase classname="files.DynamicJson4" name="addBook" time="0.750"/>
  <system-out/>
  <testcase classname="files.DynamicJson4" name="addBook" time="4.940"/>
  <system-out/>
  <testcase classname="files.DynamicJson4" name="addBook" time="0.664"/>
  <system-out/>
</testsuite> <!-- files.DynamicJson4 -->
