<?xml version="1.0" encoding="UTF-8"?>
<!-- Generated by org.testng.reporters.JUnitReportReporter -->
<testsuite hostname="DESKTOP-3TOCK1B" failures="0" tests="1" name="Reporting.Extentreports.ExtentReportSample" time="5.749" errors="0" timestamp="2023-05-07T15:21:33 PDT" skipped="0">
  <testcase classname="Reporting.Extentreports.ExtentReportSample" name="ERS" time="5.749"/>
  <system-out/>
</testsuite> <!-- Reporting.Extentreports.ExtentReportSample -->
